2024-06-07 23:36:37,090 INFO o.a.j.u.JMeterUtils: Setting Locale to en_IN
2024-06-07 23:36:37,106 INFO o.a.j.JMeter: Loading user properties from: user.properties
2024-06-07 23:36:37,106 INFO o.a.j.JMeter: Loading system properties from: system.properties
2024-06-07 23:36:37,106 INFO o.a.j.JMeter: Copyright (c) 1998-2024 The Apache Software Foundation
2024-06-07 23:36:37,106 INFO o.a.j.JMeter: Version 5.6.3
2024-06-07 23:36:37,106 INFO o.a.j.JMeter: java.version=1.8.0_411
2024-06-07 23:36:37,106 INFO o.a.j.JMeter: java.vm.name=Java HotSpot(TM) Client VM
2024-06-07 23:36:37,106 INFO o.a.j.JMeter: os.name=Windows 11
2024-06-07 23:36:37,106 INFO o.a.j.JMeter: os.arch=x86
2024-06-07 23:36:37,106 INFO o.a.j.JMeter: os.version=10.0
2024-06-07 23:36:37,106 INFO o.a.j.JMeter: file.encoding=Cp1252
2024-06-07 23:36:37,106 INFO o.a.j.JMeter: java.awt.headless=null
2024-06-07 23:36:37,106 INFO o.a.j.JMeter: Max memory     =259522560
2024-06-07 23:36:37,106 INFO o.a.j.JMeter: Available Processors =8
2024-06-07 23:36:37,106 INFO o.a.j.JMeter: Default Locale=English (India)
2024-06-07 23:36:37,106 INFO o.a.j.JMeter: JMeter  Locale=English (India)
2024-06-07 23:36:37,106 INFO o.a.j.JMeter: JMeterHome=C:\Users\amitd\OneDrive\Desktop\apache-jmeter-5.6.3\apache-jmeter-5.6.3
2024-06-07 23:36:37,106 INFO o.a.j.JMeter: user.dir  =C:\Users\amitd\OneDrive\Desktop\apache-jmeter-5.6.3\apache-jmeter-5.6.3\bin
2024-06-07 23:36:37,106 INFO o.a.j.JMeter: PWD       =C:\Users\amitd\OneDrive\Desktop\apache-jmeter-5.6.3\apache-jmeter-5.6.3\bin
2024-06-07 23:36:37,106 INFO o.a.j.JMeter: IP: 192.168.124.78 Name: AmithDas FullName: AmithDas
2024-06-07 23:36:37,121 INFO o.a.j.JMeter: Loaded icon properties from org/apache/jmeter/images/icon.properties
2024-06-07 23:36:37,216 INFO o.a.j.JMeterGuiLauncher: Setting LAF to: com.github.weisj.darklaf.DarkLaf:com.github.weisj.darklaf.theme.IntelliJTheme
2024-06-07 23:36:38,033 INFO o.a.j.r.ClassFinder: Will scan jar C:\Users\amitd\OneDrive\Desktop\apache-jmeter-5.6.3\apache-jmeter-5.6.3\lib\ext\jmeter-parallel-0.12.jar with filter ExtendsClassFilter [parents=[interface org.apache.jmeter.gui.action.Command], inner=false, contains=null, notContains=null]. Consider exposing JMeter plugins via META-INF/services, and add JMeter-Skip-Class-Scanning=true manifest attribute so JMeter can skip classfile scanning
2024-06-07 23:36:38,048 INFO o.a.j.r.ClassFinder: Will scan jar C:\Users\amitd\OneDrive\Desktop\apache-jmeter-5.6.3\apache-jmeter-5.6.3\lib\ext\jmeter-plugins-functions-2.2.jar with filter ExtendsClassFilter [parents=[interface org.apache.jmeter.gui.action.Command], inner=false, contains=null, notContains=null]. Consider exposing JMeter plugins via META-INF/services, and add JMeter-Skip-Class-Scanning=true manifest attribute so JMeter can skip classfile scanning
2024-06-07 23:36:38,064 INFO o.a.j.r.ClassFinder: Will scan jar C:\Users\amitd\OneDrive\Desktop\apache-jmeter-5.6.3\apache-jmeter-5.6.3\lib\ext\jmeter-plugins-manager-1.10.jar with filter ExtendsClassFilter [parents=[interface org.apache.jmeter.gui.action.Command], inner=false, contains=null, notContains=null]. Consider exposing JMeter plugins via META-INF/services, and add JMeter-Skip-Class-Scanning=true manifest attribute so JMeter can skip classfile scanning
2024-06-07 23:36:38,174 INFO o.a.j.r.ClassFinder: Will scan jar C:\Users\amitd\OneDrive\Desktop\apache-jmeter-5.6.3\apache-jmeter-5.6.3\lib\ext\jmeter-plugins-dummy-0.4.jar with filter ExtendsClassFilter [parents=[interface org.apache.jmeter.gui.action.Command], inner=false, contains=null, notContains=null]. Consider exposing JMeter plugins via META-INF/services, and add JMeter-Skip-Class-Scanning=true manifest attribute so JMeter can skip classfile scanning
2024-06-07 23:36:38,174 INFO o.a.j.r.ClassFinder: Will scan jar C:\Users\amitd\OneDrive\Desktop\apache-jmeter-5.6.3\apache-jmeter-5.6.3\lib\ext\jmeter-plugins-manager-1.10 (1).jar with filter ExtendsClassFilter [parents=[interface org.apache.jmeter.gui.action.Command], inner=false, contains=null, notContains=null]. Consider exposing JMeter plugins via META-INF/services, and add JMeter-Skip-Class-Scanning=true manifest attribute so JMeter can skip classfile scanning
2024-06-07 23:36:38,222 INFO o.a.j.r.ClassFinder: Will scan jar C:\Users\amitd\OneDrive\Desktop\apache-jmeter-5.6.3\apache-jmeter-5.6.3\lib\ext\jmeter-parallel-0.12.jar with filter ExtendsClassFilter [parents=[interface org.apache.jmeter.gui.plugin.MenuCreator], inner=false, contains=null, notContains=null]. Consider exposing JMeter plugins via META-INF/services, and add JMeter-Skip-Class-Scanning=true manifest attribute so JMeter can skip classfile scanning
2024-06-07 23:36:38,222 INFO o.a.j.r.ClassFinder: Will scan jar C:\Users\amitd\OneDrive\Desktop\apache-jmeter-5.6.3\apache-jmeter-5.6.3\lib\ext\jmeter-plugins-functions-2.2.jar with filter ExtendsClassFilter [parents=[interface org.apache.jmeter.gui.plugin.MenuCreator], inner=false, contains=null, notContains=null]. Consider exposing JMeter plugins via META-INF/services, and add JMeter-Skip-Class-Scanning=true manifest attribute so JMeter can skip classfile scanning
2024-06-07 23:36:38,222 INFO o.a.j.r.ClassFinder: Will scan jar C:\Users\amitd\OneDrive\Desktop\apache-jmeter-5.6.3\apache-jmeter-5.6.3\lib\ext\jmeter-plugins-manager-1.10.jar with filter ExtendsClassFilter [parents=[interface org.apache.jmeter.gui.plugin.MenuCreator], inner=false, contains=null, notContains=null]. Consider exposing JMeter plugins via META-INF/services, and add JMeter-Skip-Class-Scanning=true manifest attribute so JMeter can skip classfile scanning
2024-06-07 23:36:38,222 INFO o.a.j.r.ClassFinder: Will scan jar C:\Users\amitd\OneDrive\Desktop\apache-jmeter-5.6.3\apache-jmeter-5.6.3\lib\ext\jmeter-plugins-dummy-0.4.jar with filter ExtendsClassFilter [parents=[interface org.apache.jmeter.gui.plugin.MenuCreator], inner=false, contains=null, notContains=null]. Consider exposing JMeter plugins via META-INF/services, and add JMeter-Skip-Class-Scanning=true manifest attribute so JMeter can skip classfile scanning
2024-06-07 23:36:38,222 INFO o.a.j.r.ClassFinder: Will scan jar C:\Users\amitd\OneDrive\Desktop\apache-jmeter-5.6.3\apache-jmeter-5.6.3\lib\ext\jmeter-plugins-manager-1.10 (1).jar with filter ExtendsClassFilter [parents=[interface org.apache.jmeter.gui.plugin.MenuCreator], inner=false, contains=null, notContains=null]. Consider exposing JMeter plugins via META-INF/services, and add JMeter-Skip-Class-Scanning=true manifest attribute so JMeter can skip classfile scanning
2024-06-07 23:36:38,284 WARN o.j.r.PluginManager: Found JAR conflict: C:\Users\amitd\OneDrive\Desktop\apache-jmeter-5.6.3\apache-jmeter-5.6.3\lib\ext\jmeter-plugins-manager-1.10.jar and C:\Users\amitd\OneDrive\Desktop\apache-jmeter-5.6.3\apache-jmeter-5.6.3\lib\ext\jmeter-plugins-manager-1.10 (1).jar
2024-06-07 23:36:38,488 INFO o.j.r.JARSourceHTTP: Requesting https://jmeter-plugins.org/repo/?installID=windows_11-2d5b44e5dd66602d3fb2f2a67a7c6fce-gui
2024-06-07 23:36:40,112 INFO o.a.j.p.h.s.HTTPSamplerBase: Parser for text/html is org.apache.jmeter.protocol.http.parser.LagartoBasedHtmlParser
2024-06-07 23:36:40,128 INFO o.a.j.p.h.s.HTTPSamplerBase: Parser for application/xhtml+xml is org.apache.jmeter.protocol.http.parser.LagartoBasedHtmlParser
2024-06-07 23:36:40,128 INFO o.a.j.p.h.s.HTTPSamplerBase: Parser for application/xml is org.apache.jmeter.protocol.http.parser.LagartoBasedHtmlParser
2024-06-07 23:36:40,128 INFO o.a.j.p.h.s.HTTPSamplerBase: Parser for text/xml is org.apache.jmeter.protocol.http.parser.LagartoBasedHtmlParser
2024-06-07 23:36:40,128 INFO o.a.j.p.h.s.HTTPSamplerBase: Parser for text/vnd.wap.wml is org.apache.jmeter.protocol.http.parser.RegexpHTMLParser
2024-06-07 23:36:40,128 INFO o.a.j.p.h.s.HTTPSamplerBase: Parser for text/css is org.apache.jmeter.protocol.http.parser.CssParser
2024-06-07 23:36:43,114 INFO o.j.r.PluginManager: Plugins Status: [jpgc-functions=2.2, jpgc-dummy=0.4, bzm-parallel=0.12, jpgc-plugins-manager=0.0.0-STOCK, jmeter-core=5.6.3, jmeter-ftp=5.6.3, jmeter-http=5.6.3, jmeter-jdbc=5.6.3, jmeter-jms=5.6.3, jmeter-junit=5.6.3, jmeter-java=5.6.3, jmeter-ldap=5.6.3, jmeter-mail=5.6.3, jmeter-mongodb=5.6.3, jmeter-native=5.6.3, jmeter-tcp=5.6.3, jmeter-components=5.6.3]
2024-06-07 23:36:43,114 INFO o.j.r.PluginManagerMenuItem: Plugins Manager has upgrades: [jpgc-plugins-manager]
2024-06-07 23:37:25,309 INFO o.a.j.s.SampleResult: Note: Sample TimeStamps are START times
2024-06-07 23:37:25,309 INFO o.a.j.s.SampleResult: sampleresult.default.encoding is set to UTF-8
2024-06-07 23:37:25,309 INFO o.a.j.s.SampleResult: sampleresult.useNanoTime=true
2024-06-07 23:37:25,309 INFO o.a.j.s.SampleResult: sampleresult.nanoThreadSleep=5000
2024-06-07 23:37:25,467 INFO o.a.j.r.ClassFinder: Will scan jar C:\Users\amitd\OneDrive\Desktop\apache-jmeter-5.6.3\apache-jmeter-5.6.3\lib\ext\jmeter-parallel-0.12.jar with filter ExtendsClassFilter [parents=[interface org.apache.jmeter.visualizers.ResultRenderer], inner=false, contains=null, notContains=null]. Consider exposing JMeter plugins via META-INF/services, and add JMeter-Skip-Class-Scanning=true manifest attribute so JMeter can skip classfile scanning
2024-06-07 23:37:25,467 INFO o.a.j.r.ClassFinder: Will scan jar C:\Users\amitd\OneDrive\Desktop\apache-jmeter-5.6.3\apache-jmeter-5.6.3\lib\ext\jmeter-plugins-functions-2.2.jar with filter ExtendsClassFilter [parents=[interface org.apache.jmeter.visualizers.ResultRenderer], inner=false, contains=null, notContains=null]. Consider exposing JMeter plugins via META-INF/services, and add JMeter-Skip-Class-Scanning=true manifest attribute so JMeter can skip classfile scanning
2024-06-07 23:37:25,482 INFO o.a.j.r.ClassFinder: Will scan jar C:\Users\amitd\OneDrive\Desktop\apache-jmeter-5.6.3\apache-jmeter-5.6.3\lib\ext\jmeter-plugins-manager-1.10.jar with filter ExtendsClassFilter [parents=[interface org.apache.jmeter.visualizers.ResultRenderer], inner=false, contains=null, notContains=null]. Consider exposing JMeter plugins via META-INF/services, and add JMeter-Skip-Class-Scanning=true manifest attribute so JMeter can skip classfile scanning
2024-06-07 23:37:25,484 INFO o.a.j.r.ClassFinder: Will scan jar C:\Users\amitd\OneDrive\Desktop\apache-jmeter-5.6.3\apache-jmeter-5.6.3\lib\ext\jmeter-plugins-dummy-0.4.jar with filter ExtendsClassFilter [parents=[interface org.apache.jmeter.visualizers.ResultRenderer], inner=false, contains=null, notContains=null]. Consider exposing JMeter plugins via META-INF/services, and add JMeter-Skip-Class-Scanning=true manifest attribute so JMeter can skip classfile scanning
2024-06-07 23:37:25,484 INFO o.a.j.r.ClassFinder: Will scan jar C:\Users\amitd\OneDrive\Desktop\apache-jmeter-5.6.3\apache-jmeter-5.6.3\lib\ext\jmeter-plugins-manager-1.10 (1).jar with filter ExtendsClassFilter [parents=[interface org.apache.jmeter.visualizers.ResultRenderer], inner=false, contains=null, notContains=null]. Consider exposing JMeter plugins via META-INF/services, and add JMeter-Skip-Class-Scanning=true manifest attribute so JMeter can skip classfile scanning
2024-06-07 23:37:25,518 INFO o.a.j.r.ClassFinder: Will scan jar C:\Users\amitd\OneDrive\Desktop\apache-jmeter-5.6.3\apache-jmeter-5.6.3\lib\ext\jmeter-parallel-0.12.jar with filter ExtendsClassFilter [parents=[interface org.apache.jmeter.visualizers.RequestView], inner=false, contains=null, notContains=null]. Consider exposing JMeter plugins via META-INF/services, and add JMeter-Skip-Class-Scanning=true manifest attribute so JMeter can skip classfile scanning
2024-06-07 23:37:25,518 INFO o.a.j.r.ClassFinder: Will scan jar C:\Users\amitd\OneDrive\Desktop\apache-jmeter-5.6.3\apache-jmeter-5.6.3\lib\ext\jmeter-plugins-functions-2.2.jar with filter ExtendsClassFilter [parents=[interface org.apache.jmeter.visualizers.RequestView], inner=false, contains=null, notContains=null]. Consider exposing JMeter plugins via META-INF/services, and add JMeter-Skip-Class-Scanning=true manifest attribute so JMeter can skip classfile scanning
2024-06-07 23:37:25,518 INFO o.a.j.r.ClassFinder: Will scan jar C:\Users\amitd\OneDrive\Desktop\apache-jmeter-5.6.3\apache-jmeter-5.6.3\lib\ext\jmeter-plugins-manager-1.10.jar with filter ExtendsClassFilter [parents=[interface org.apache.jmeter.visualizers.RequestView], inner=false, contains=null, notContains=null]. Consider exposing JMeter plugins via META-INF/services, and add JMeter-Skip-Class-Scanning=true manifest attribute so JMeter can skip classfile scanning
2024-06-07 23:37:25,518 INFO o.a.j.r.ClassFinder: Will scan jar C:\Users\amitd\OneDrive\Desktop\apache-jmeter-5.6.3\apache-jmeter-5.6.3\lib\ext\jmeter-plugins-dummy-0.4.jar with filter ExtendsClassFilter [parents=[interface org.apache.jmeter.visualizers.RequestView], inner=false, contains=null, notContains=null]. Consider exposing JMeter plugins via META-INF/services, and add JMeter-Skip-Class-Scanning=true manifest attribute so JMeter can skip classfile scanning
2024-06-07 23:37:25,518 INFO o.a.j.r.ClassFinder: Will scan jar C:\Users\amitd\OneDrive\Desktop\apache-jmeter-5.6.3\apache-jmeter-5.6.3\lib\ext\jmeter-plugins-manager-1.10 (1).jar with filter ExtendsClassFilter [parents=[interface org.apache.jmeter.visualizers.RequestView], inner=false, contains=null, notContains=null]. Consider exposing JMeter plugins via META-INF/services, and add JMeter-Skip-Class-Scanning=true manifest attribute so JMeter can skip classfile scanning
2024-06-07 23:37:28,645 INFO o.a.j.e.StandardJMeterEngine: Running the test!
2024-06-07 23:37:28,645 INFO o.a.j.s.SampleEvent: List of sample_variables: []
2024-06-07 23:37:28,645 INFO o.a.j.s.SampleEvent: List of sample_variables: []
2024-06-07 23:37:28,645 INFO o.a.j.e.u.CompoundVariable: Note: Function class names must contain the string: '.functions.'
2024-06-07 23:37:28,645 INFO o.a.j.e.u.CompoundVariable: Note: Function class names must not contain the string: '.gui.'
2024-06-07 23:37:28,957 INFO o.a.j.r.ClassFinder: Will scan jar C:\Users\amitd\OneDrive\Desktop\apache-jmeter-5.6.3\apache-jmeter-5.6.3\lib\ext\jmeter-parallel-0.12.jar with filter ExtendsClassFilter [parents=[interface org.apache.jmeter.functions.Function], inner=false, contains=null, notContains=null]. Consider exposing JMeter plugins via META-INF/services, and add JMeter-Skip-Class-Scanning=true manifest attribute so JMeter can skip classfile scanning
2024-06-07 23:37:28,957 INFO o.a.j.r.ClassFinder: Will scan jar C:\Users\amitd\OneDrive\Desktop\apache-jmeter-5.6.3\apache-jmeter-5.6.3\lib\ext\jmeter-plugins-functions-2.2.jar with filter ExtendsClassFilter [parents=[interface org.apache.jmeter.functions.Function], inner=false, contains=null, notContains=null]. Consider exposing JMeter plugins via META-INF/services, and add JMeter-Skip-Class-Scanning=true manifest attribute so JMeter can skip classfile scanning
2024-06-07 23:37:28,957 INFO o.a.j.r.ClassFinder: Will scan jar C:\Users\amitd\OneDrive\Desktop\apache-jmeter-5.6.3\apache-jmeter-5.6.3\lib\ext\jmeter-plugins-manager-1.10.jar with filter ExtendsClassFilter [parents=[interface org.apache.jmeter.functions.Function], inner=false, contains=null, notContains=null]. Consider exposing JMeter plugins via META-INF/services, and add JMeter-Skip-Class-Scanning=true manifest attribute so JMeter can skip classfile scanning
2024-06-07 23:37:28,957 INFO o.a.j.r.ClassFinder: Will scan jar C:\Users\amitd\OneDrive\Desktop\apache-jmeter-5.6.3\apache-jmeter-5.6.3\lib\ext\jmeter-plugins-dummy-0.4.jar with filter ExtendsClassFilter [parents=[interface org.apache.jmeter.functions.Function], inner=false, contains=null, notContains=null]. Consider exposing JMeter plugins via META-INF/services, and add JMeter-Skip-Class-Scanning=true manifest attribute so JMeter can skip classfile scanning
2024-06-07 23:37:28,957 INFO o.a.j.r.ClassFinder: Will scan jar C:\Users\amitd\OneDrive\Desktop\apache-jmeter-5.6.3\apache-jmeter-5.6.3\lib\ext\jmeter-plugins-manager-1.10 (1).jar with filter ExtendsClassFilter [parents=[interface org.apache.jmeter.functions.Function], inner=false, contains=null, notContains=null]. Consider exposing JMeter plugins via META-INF/services, and add JMeter-Skip-Class-Scanning=true manifest attribute so JMeter can skip classfile scanning
2024-06-07 23:37:28,970 INFO o.a.j.g.u.JMeterMenuBar: setRunning(true, *local*)
2024-06-07 23:37:29,030 INFO o.a.j.e.StandardJMeterEngine: Starting ThreadGroup: 1 : Thread Group
2024-06-07 23:37:29,031 INFO o.a.j.e.StandardJMeterEngine: Starting 1 threads for group Thread Group.
2024-06-07 23:37:29,031 INFO o.a.j.e.StandardJMeterEngine: Thread will continue on error
2024-06-07 23:37:29,031 INFO o.a.j.t.ThreadGroup: Starting thread group... number=1 threads=1 ramp-up=1 delayedStart=false
2024-06-07 23:37:29,034 INFO o.a.j.t.ThreadGroup: Started thread group number 1
2024-06-07 23:37:29,034 INFO o.a.j.e.StandardJMeterEngine: All thread groups have been started
2024-06-07 23:37:29,034 INFO o.a.j.t.JMeterThread: Thread started: Thread Group 1-1
2024-06-07 23:37:29,819 INFO o.a.j.t.JMeterThread: Thread is done: Thread Group 1-1
2024-06-07 23:37:29,819 INFO o.a.j.t.JMeterThread: Thread finished: Thread Group 1-1
2024-06-07 23:37:29,819 INFO o.a.j.e.StandardJMeterEngine: Notifying test listeners of end of test
2024-06-07 23:37:29,819 INFO o.a.j.s.FileServer: Default base='C:\Users\amitd\OneDrive\Desktop\apache-jmeter-5.6.3\apache-jmeter-5.6.3\bin'
2024-06-07 23:37:29,819 INFO o.a.j.g.u.JMeterMenuBar: setRunning(false, *local*)
2024-06-07 23:37:50,595 INFO o.a.j.s.FileServer: Set new base='C:\Users\amitd\OneDrive\Desktop\apache-jmeter-5.6.3\apache-jmeter-5.6.3\bin'
2024-06-07 23:37:50,788 INFO o.a.j.s.SaveService: Testplan (JMX) version: 2.2. Testlog (JTL) version: 2.2
2024-06-07 23:37:50,805 INFO o.a.j.s.SaveService: Using SaveService properties file encoding UTF-8
2024-06-07 23:37:50,805 INFO o.a.j.s.SaveService: Using SaveService properties version 5.0
